Build started 1/15/2014 6:43:44 PM.
     1>Project "C:\Users\Azim\Desktop\Chili DirectX Framework\Chili DirectX Framework\Chili DirectX Framework.vcxproj" on node 2 (build target(s)).
     1>InitializeBuildStatus:
         Creating "Debug\Chili DirectX Framework.unsuccessfulbuild" because "AlwaysCreate" was specified.
       ClCompile:
         C:\Program Files (x86)\Microsoft Visual Studio 10.0\VC\bin\CL.exe /c /ZI /nologo /W3 /WX- /Od /Oy- /D WIN32 /D _DEBUG /D _WINDOWS /D _UNICODE /D UNICODE /Gm /EHsc /RTC1 /MDd /GS /fp:precise /Zc:wchar_t /Zc:forScope /Fo"Debug\\" /Fd"Debug\vc100.pdb" /Gd /TP /analyze- /errorReport:prompt ..\Assets\Game.cpp
         Game.cpp
       ManifestResourceCompile:
         All outputs are up-to-date.
       Link:
         C:\Program Files (x86)\Microsoft Visual Studio 10.0\VC\bin\link.exe /ERRORREPORT:PROMPT /OUT:"C:\Users\Azim\Desktop\Chili DirectX Framework\Debug\Chili DirectX Framework.exe" /INCREMENTAL /NOLOGO dxerr.lib dxguid.lib d3dx9.lib d3dx10.lib d3d9.lib winmm.lib comctl32.lib kernel32.lib user32.lib gdi32.lib winspool.lib comdlg32.lib advapi32.lib shell32.lib ole32.lib oleaut32.lib uuid.lib odbc32.lib odbccp32.lib /MANIFEST /ManifestFile:"Debug\Chili DirectX Framework.exe.intermediate.manifest" /MANIFESTUAC:"level='asInvoker' uiAccess='false'" /DEBUG /PDB:"C:\Users\Azim\Desktop\Chili DirectX Framework\Debug\Chili DirectX Framework.pdb" /SUBSYSTEM:WINDOWS /TLBID:1 /DYNAMICBASE /NXCOMPAT /IMPLIB:"C:\Users\Azim\Desktop\Chili DirectX Framework\Debug\Chili DirectX Framework.lib" /MACHINE:X86 "Debug\Chili DirectX Framework.exe.embed.manifest.res"
         Debug\D3DGraphics.obj
         Debug\Game.obj
         Debug\Keyboard.obj
         Debug\Timer.obj
         Debug\Windows.obj
         ..\Assets\ChiliDirectXFramework.res
       Manifest:
         C:\Program Files (x86)\Microsoft SDKs\Windows\v7.0A\bin\mt.exe /nologo /verbose /out:"Debug\Chili DirectX Framework.exe.embed.manifest" /manifest "Debug\Chili DirectX Framework.exe.intermediate.manifest"
         All outputs are up-to-date.
       LinkEmbedManifest:
         All outputs are up-to-date.
         Chili DirectX Framework.vcxproj -> C:\Users\Azim\Desktop\Chili DirectX Framework\Debug\Chili DirectX Framework.exe
       FinalizeBuildStatus:
         Deleting file "Debug\Chili DirectX Framework.unsuccessfulbuild".
         Touching "Debug\Chili DirectX Framework.lastbuildstate".
     1>Done Building Project "C:\Users\Azim\Desktop\Chili DirectX Framework\Chili DirectX Framework\Chili DirectX Framework.vcxproj" (build target(s)).

Build succeeded.

Time Elapsed 00:00:01.18
